<?xml version="1.0" encoding="UTF-8"?>
<!-- Generated by org.testng.reporters.JUnitXMLReporter -->
<testsuite ignored="1" hostname="Krishna" failures="0" tests="4" name="Car Loan" time="0.021" errors="0" timestamp="2024-03-31T17:08:01 IST">
  <testcase classname="com.test.Day3" name="MobileSignInCarLoan" time="0.001"/>
  <testcase classname="com.test.Day3" name="MobileSignOutCarLoan" time="0.002"/>
  <testcase classname="com.test.Day3" name="MobileloginCarLoan" time="0.001"/>
  <testcase classname="com.test.Day3" name="WebloginCarLoan" time="0.002"/>
  <testcase classname="com.test.Day3" name="APILoginCarLoan" time="0.0">
    <ignored/>
  </testcase> <!-- APILoginCarLoan -->
</testsuite> <!-- Car Loan -->
