<?xml version="1.0" encoding="UTF-8"?>
<!-- Generated by org.testng.reporters.JUnitXMLReporter -->
<testsuite ignored="1" hostname="Krishna" failures="0" tests="5" name="Personal Test" time="0.051" errors="0" timestamp="2024-03-31T17:08:01 IST">
  <testcase classname="com.test.Day1" name="Demo" time="0.008"/>
  <testcase classname="com.test.Day2" name="Test3" time="0.001"/>
  <testcase classname="com.test.Day4" name="LoginAPIHomeLoan" time="0.001"/>
  <testcase classname="com.test.Day4" name="MobileloginHomeLoan" time="0.001"/>
  <testcase classname="com.test.Day4" name="WebloginHomeLoan" time="0.001"/>
  <testcase classname="com.test.Day1" name="Test2" time="0.0">
    <ignored/>
  </testcase> <!-- Test2 -->
</testsuite> <!-- Personal Test -->
