<?xml version="1.0" encoding="UTF-8"?>
<testsuite xmlns:xsi="http://www.w3.org/2001/XMLSchema-instance" xsi:noNamespaceSchemaLocation="https://maven.apache.org/surefire/maven-surefire-plugin/xsd/surefire-test-report-3.0.xsd" version="3.0" name="testcucumber.TestRunner" time="10.651" tests="4" errors="1" skipped="0" failures="0">
  <properties>
[...]
</properties>
  <testcase name="Login Page valid Scenario" classname="Login Page feature" time="2.585">
    <system-out><![CDATA[
@Regression @smoke @TestCaseNo:1
Scenario: Login Page valid Scenario           &amp#27;[90m# src/test/java/testcucumber/Login.feature:26&amp#27;[0m
  &amp#27;[32mGiven &amp#27;[0m&amp#27;[32mI am the user of facebook application&amp#27;[0m &amp#27;[90m# testcucumber.LoginPage.I_am_the_user_of_facebook_application()&amp#27;[0m
  &amp#27;[32mWhen &amp#27;[0m&amp#27;[32mI enter user name as &amp#27;[0m&amp#27;[32m&amp#27;[1m"abc@gmail.com"&amp#27;[0m   &amp#27;[90m# testcucumber.LoginPage.I_enter_user_name_as(java.lang.String)&amp#27;[0m
  &amp#27;[32mAnd &amp#27;[0m&amp#27;[32mI enter Password as &amp#27;[0m&amp#27;[32m&amp#27;[1m"12345"&amp#27;[0m             &amp#27;[90m# testcucumber.LoginPage.I_enter_Password_as(java.lang.String)&amp#27;[0m
User logged in successfully
  &amp#27;[32mThen &amp#27;[0m&amp#27;[32mI should be able to login successfully&amp#27;[0m &amp#27;[90m# testcucumber.LoginPage.I_should_be_able_to_login_successfully()&amp#27;[0m
]]></system-out>
    <system-err><![CDATA[Starting ChromeDriver 131.0.6778.204 (52183f9e99a61056f9b78535f53d256f1516f2a0-refs/branch-heads/6778_155@{#7}) on port 17505
Only local connections are allowed.
Please see https://chromedriver.chromium.org/security-considerations for suggestions on keeping ChromeDriver safe.
ChromeDriver was started successfully on port 17505.
Jan 19, 2025 4:35:05 PM org.openqa.selenium.remote.ProtocolHandshake createSession
INFO: Detected dialect: W3C
]]></system-err>
  </testcase>
  <testcase name="Login Page invalid Scenario" classname="Login Page feature" time="2.079">
    <error message="The step &apos;I should not be able to login successfully&apos; is undefined.&#10;You can implement this step using the snippet(s) below:&#10;&#10;@Then(&quot;I should not be able to login successfully&quot;)&#10;public void i_should_not_be_able_to_login_successfully() {&#10;    // Write code here that turns the phrase above into concrete actions&#10;    throw new io.cucumber.java.PendingException();&#10;}&#10;" type="io.cucumber.junit.UndefinedStepException"><![CDATA[io.cucumber.junit.UndefinedStepException: 
The step 'I should not be able to login successfully' is undefined.
You can implement this step using the snippet(s) below:

@Then("I should not be able to login successfully")
public void i_should_not_be_able_to_login_successfully() {
    // Write code here that turns the phrase above into concrete actions
    throw new io.cucumber.java.PendingException();
}

]]></error>
    <system-out><![CDATA[
@Regression @TestCaseNo:2
Scenario: Login Page invalid Scenario               &amp#27;[90m# src/test/java/testcucumber/Login.feature:32&amp#27;[0m
  &amp#27;[32mGiven &amp#27;[0m&amp#27;[32mI am the user of facebook application&amp#27;[0m       &amp#27;[90m# testcucumber.LoginPage.I_am_the_user_of_facebook_application()&amp#27;[0m
  &amp#27;[32mWhen &amp#27;[0m&amp#27;[32mI enter user name as &amp#27;[0m&amp#27;[32m&amp#27;[1m"invalid_abc@gmail.com"&amp#27;[0m &amp#27;[90m# testcucumber.LoginPage.I_enter_user_name_as(java.lang.String)&amp#27;[0m
  &amp#27;[32mAnd &amp#27;[0m&amp#27;[32mI enter Password as &amp#27;[0m&amp#27;[32m&amp#27;[1m"12345"&amp#27;[0m                   &amp#27;[90m# testcucumber.LoginPage.I_enter_Password_as(java.lang.String)&amp#27;[0m
  &amp#27;[33mThen &amp#27;[0m&amp#27;[33mI should not be able to login successfully&amp#27;[0m
]]></system-out>
    <system-err><![CDATA[Starting ChromeDriver 131.0.6778.204 (52183f9e99a61056f9b78535f53d256f1516f2a0-refs/branch-heads/6778_155@{#7}) on port 61192
Only local connections are allowed.
Please see https://chromedriver.chromium.org/security-considerations for suggestions on keeping ChromeDriver safe.
ChromeDriver was started successfully on port 61192.
Jan 19, 2025 4:35:07 PM org.openqa.selenium.remote.ProtocolHandshake createSession
INFO: Detected dialect: W3C
]]></system-err>
  </testcase>
  <testcase name="Scenario Outline feature check #1" classname="Login Page feature" time="3.09">
    <system-out><![CDATA[
@Regression @smoke @TestCaseNo:3
Scenario Outline: Scenario Outline feature check &amp#27;[90m# src/test/java/testcucumber/Login.feature:44&amp#27;[0m
  &amp#27;[32mGiven &amp#27;[0m&amp#27;[32mI am the user of facebook application&amp#27;[0m    &amp#27;[90m# testcucumber.LoginPage.I_am_the_user_of_facebook_application()&amp#27;[0m
  &amp#27;[32mWhen &amp#27;[0m&amp#27;[32mI enter the credUsername &amp#27;[0m&amp#27;[32m&amp#27;[1m"validUser1"&amp#27;[0m     &amp#27;[90m# testcucumber.LoginPage.I_enter_the_credUsername(java.lang.String)&amp#27;[0m
  &amp#27;[32mAnd &amp#27;[0m&amp#27;[32mI enter the credPassword &amp#27;[0m&amp#27;[32m&amp#27;[1m"validPassword1"&amp#27;[0m  &amp#27;[90m# testcucumber.LoginPage.I_enter_the_credPassword(java.lang.String)&amp#27;[0m
]]></system-out>
    <system-err><![CDATA[Starting ChromeDriver 131.0.6778.204 (52183f9e99a61056f9b78535f53d256f1516f2a0-refs/branch-heads/6778_155@{#7}) on port 57060
Only local connections are allowed.
Please see https://chromedriver.chromium.org/security-considerations for suggestions on keeping ChromeDriver safe.
ChromeDriver was started successfully on port 57060.
Jan 19, 2025 4:35:09 PM org.openqa.selenium.remote.ProtocolHandshake createSession
INFO: Detected dialect: W3C
]]></system-err>
  </testcase>
  <testcase name="Scenario Outline feature check #2" classname="Login Page feature" time="2.203">
    <system-out><![CDATA[
@Regression @smoke @TestCaseNo:3
Scenario Outline: Scenario Outline feature check &amp#27;[90m# src/test/java/testcucumber/Login.feature:45&amp#27;[0m
  &amp#27;[32mGiven &amp#27;[0m&amp#27;[32mI am the user of facebook application&amp#27;[0m    &amp#27;[90m# testcucumber.LoginPage.I_am_the_user_of_facebook_application()&amp#27;[0m
  &amp#27;[32mWhen &amp#27;[0m&amp#27;[32mI enter the credUsername &amp#27;[0m&amp#27;[32m&amp#27;[1m"validUser1"&amp#27;[0m     &amp#27;[90m# testcucumber.LoginPage.I_enter_the_credUsername(java.lang.String)&amp#27;[0m
  &amp#27;[32mAnd &amp#27;[0m&amp#27;[32mI enter the credPassword &amp#27;[0m&amp#27;[32m&amp#27;[1m"validPassword2"&amp#27;[0m  &amp#27;[90m# testcucumber.LoginPage.I_enter_the_credPassword(java.lang.String)&amp#27;[0m
]]></system-out>
    <system-err><![CDATA[Starting ChromeDriver 131.0.6778.204 (52183f9e99a61056f9b78535f53d256f1516f2a0-refs/branch-heads/6778_155@{#7}) on port 61135
Only local connections are allowed.
Please see https://chromedriver.chromium.org/security-considerations for suggestions on keeping ChromeDriver safe.
ChromeDriver was started successfully on port 61135.
Jan 19, 2025 4:35:12 PM org.openqa.selenium.remote.ProtocolHandshake createSession
INFO: Detected dialect: W3C
]]></system-err>
  </testcase>
</testsuite>