<?xml version="1.0" encoding="UTF-8"?>
<!-- Generated by org.testng.reporters.JUnitXMLReporter -->
<testsuite ignored="2" hostname="Krishna" failures="0" tests="5" name="Car Loan" time="0.038" errors="0" timestamp="2024-03-31T22:18:20 IST">
  <testcase classname="com.test.Day3" name="MobileSignOutCarLoan" time="0.004"/>
  <testcase classname="com.test.Day3" name="MobileSignOutCarLoan" time="0.001"/>
  <testcase classname="com.test.Day3" name="MobileSignOutCarLoan" time="0.001"/>
  <testcase classname="com.test.Day3" name="MobileloginCarLoan" time="0.002"/>
  <testcase classname="com.test.Day3" name="WebloginCarLoan" time="0.002"/>
  <testcase classname="com.test.Day3" name="APILoginCarLoan" time="0.0">
    <ignored/>
  </testcase> <!-- APILoginCarLoan -->
  <testcase classname="com.test.Day3" name="MobileSignInCarLoan" time="0.0">
    <ignored/>
  </testcase> <!-- MobileSignInCarLoan -->
</testsuite> <!-- Car Loan -->
