<?xml version="1.0" encoding="UTF-8"?>
<!-- Generated by org.testng.reporters.JUnitXMLReporter -->
<testsuite ignored="1" hostname="Krishna" failures="1" tests="5" name="Personal Test" time="0.071" errors="0" timestamp="2024-03-31T22:18:20 IST">
  <testcase classname="com.test.Day1" name="Demo" time="0.014">
    <failure type="java.lang.AssertionError" message="expected [true] but found [false]">
      <![CDATA[java.lang.AssertionError: expected [true] but found [false]
at com.test.Day1.Demo(Day1.java:20)
at java.base/java.util.ArrayList.forEach(ArrayList.java:1596)
... Removed 29 stack frames]]>
    </failure>
  </testcase> <!-- Demo -->
  <testcase classname="com.test.Day2" name="Test3" time="0.002"/>
  <testcase classname="com.test.Day4" name="LoginAPIHomeLoan" time="0.001"/>
  <testcase classname="com.test.Day4" name="MobileloginHomeLoan" time="0.001"/>
  <testcase classname="com.test.Day4" name="WebloginHomeLoan" time="0.002"/>
  <testcase classname="com.test.Day1" name="Test2" time="0.0">
    <ignored/>
  </testcase> <!-- Test2 -->
</testsuite> <!-- Personal Test -->
