<?xml version="1.0" encoding="UTF-8"?>
<testng-results ignored="0" total="1" passed="1" failed="0" skipped="0">
  <reporter-output>
  </reporter-output>
  <suite started-at="2025-02-05T21:28:56 IST" name="Default suite" finished-at="2025-02-05T21:28:56 IST" duration-ms="399">
    <groups>
    </groups>
    <test started-at="2025-02-05T21:28:56 IST" name="Default test" finished-at="2025-02-05T21:28:56 IST" duration-ms="399">
      <class name="com.facebook.tests.PageFactoryLoginTest">
        <test-method signature="loginTest()[pri:0, instance:com.facebook.tests.PageFactoryLoginTest@3a0d172f]" started-at="2025-02-05T21:28:56 IST" name="loginTest" finished-at="2025-02-05T21:28:56 IST" duration-ms="352" status="PASS">
          <reporter-output>
          </reporter-output>
        </test-method> <!-- loginTest -->
      </class> <!-- com.facebook.tests.PageFactoryLoginTest -->
    </test> <!-- Default test -->
  </suite> <!-- Default suite -->
</testng-results>
