<?xml version="1.0" encoding="UTF-8"?>
<!-- Generated by org.testng.reporters.JUnitXMLReporter -->
<testsuite ignored="15" hostname="Krishna" failures="0" tests="6" name="Test" time="0.097" errors="0" timestamp="2025-01-14T21:44:33 IST">
  <testcase classname="testNG.TestNG5_47" name="a" time="0.02"/>
  <testcase classname="testNG.TestNG5_47" name="b" time="0.001"/>
  <testcase classname="testNG.TestNG5_47" name="c" time="0.002"/>
  <testcase classname="testNG.TestNG5_47" name="d" time="0.002"/>
  <testcase classname="testNG.TestNG5_47" name="e" time="0.003"/>
  <testcase classname="testNG.TestNG5_47" name="f" time="0.001"/>
  <testcase classname="testNG.TestNG3_47" name="a1" time="0.0">
    <ignored/>
  </testcase> <!-- a1 -->
  <testcase classname="testNG.TestNG3_47" name="a3" time="0.0">
    <ignored/>
  </testcase> <!-- a3 -->
  <testcase classname="testNG.TestNG2_46" name="z1" time="0.0">
    <ignored/>
  </testcase> <!-- z1 -->
  <testcase classname="testNG.TestNG2_46" name="Z1" time="0.0">
    <ignored/>
  </testcase> <!-- Z1 -->
  <testcase classname="testNG.TestNG1_46" name="a2" time="0.0">
    <ignored/>
  </testcase> <!-- a2 -->
  <testcase classname="testNG.TestNG1_46" name="a1" time="0.0">
    <ignored/>
  </testcase> <!-- a1 -->
  <testcase classname="testNG.TestNG1_46" name="A1" time="0.0">
    <ignored/>
  </testcase> <!-- A1 -->
  <testcase classname="testNG.TestNG3_47" name="z" time="0.0">
    <ignored/>
  </testcase> <!-- z -->
  <testcase classname="testNG.TestNG2_46" name="z2" time="0.0">
    <ignored/>
  </testcase> <!-- z2 -->
  <testcase classname="testNG.TestNG4_47" name="b" time="0.0">
    <ignored/>
  </testcase> <!-- b -->
  <testcase classname="testNG.TestNG4_47" name="c" time="0.0">
    <ignored/>
  </testcase> <!-- c -->
  <testcase classname="testNG.TestNG4_47" name="e" time="0.0">
    <ignored/>
  </testcase> <!-- e -->
  <testcase classname="testNG.TestNG4_47" name="f" time="0.0">
    <ignored/>
  </testcase> <!-- f -->
  <testcase classname="testNG.TestNG3_47" name="ab" time="0.0">
    <ignored/>
  </testcase> <!-- ab -->
  <testcase classname="testNG.TestNG4_47" name="d" time="0.0">
    <ignored/>
  </testcase> <!-- d -->
</testsuite> <!-- Test -->
